mode: set
week-6-assignment/database/in_memory.go:19.62,21.2 1 1
week-6-assignment/database/in_memory.go:23.81,26.9 2 1
week-6-assignment/database/in_memory.go:26.9,28.3 1 1
week-6-assignment/database/in_memory.go:28.8,30.3 1 1
week-6-assignment/database/in_memory.go:34.98,37.9 2 1
week-6-assignment/database/in_memory.go:37.9,44.3 3 1
week-6-assignment/database/in_memory.go:44.8,46.3 1 1
week-6-assignment/database/in_memory.go:50.99,52.9 2 1
week-6-assignment/database/in_memory.go:52.9,54.3 1 1
week-6-assignment/database/in_memory.go:54.8,61.3 3 1
week-6-assignment/database/in_memory.go:64.56,66.2 1 1
week-6-assignment/controller/controller.go:32.76,34.9 2 1
week-6-assignment/controller/controller.go:35.71,37.9 2 1
week-6-assignment/controller/controller.go:38.81,40.9 2 1
week-6-assignment/controller/controller.go:41.81,43.9 2 1
week-6-assignment/controller/controller.go:44.83,46.9 2 1
week-6-assignment/controller/controller.go:47.10,48.9 1 0
week-6-assignment/controller/controller.go:52.72,59.2 4 1
week-6-assignment/controller/controller.go:61.82,63.16 2 1
week-6-assignment/controller/controller.go:69.2,72.23 3 1
week-6-assignment/controller/controller.go:63.16,67.3 3 1
week-6-assignment/controller/controller.go:75.82,77.16 2 1
week-6-assignment/controller/controller.go:82.2,85.23 3 1
week-6-assignment/controller/controller.go:77.16,80.3 2 0
week-6-assignment/controller/controller.go:88.83,94.20 4 1
week-6-assignment/controller/controller.go:99.2,100.16 2 1
week-6-assignment/controller/controller.go:106.2,109.23 3 1
week-6-assignment/controller/controller.go:94.20,97.3 2 1
week-6-assignment/controller/controller.go:100.16,104.3 3 0
week-6-assignment/controller/controller.go:113.63,115.2 1 1
week-6-assignment/service/service.go:21.63,24.2 2 1
week-6-assignment/service/service.go:26.79,28.16 2 1
week-6-assignment/service/service.go:32.2,32.25 1 1
week-6-assignment/service/service.go:28.16,30.3 1 1
week-6-assignment/service/service.go:35.79,40.16 4 1
week-6-assignment/service/service.go:43.2,43.25 1 1
week-6-assignment/service/service.go:40.16,42.3 1 1
week-6-assignment/service/service.go:46.97,51.16 4 1
week-6-assignment/service/service.go:55.2,55.70 1 1
week-6-assignment/service/service.go:61.2,62.15 2 1
week-6-assignment/service/service.go:66.2,66.25 1 1
week-6-assignment/service/service.go:51.16,53.3 1 0
week-6-assignment/service/service.go:55.70,57.3 1 1
week-6-assignment/service/service.go:57.8,59.3 1 1
week-6-assignment/service/service.go:62.15,64.3 1 0
week-6-assignment/service/service.go:70.60,72.2 1 1
